python train_full.py --dataset ../data/2d_spaced_theta --train_set dev --batch_size 80 --nepoch 80
('Random Seed: ', 3335)
('Loading training data into memory...',)
Finished loading training data.
Press 'return' at any time to finish training after the current epoch.
Loaded new training triplets: 88 batches of size 80
[Epoch 0] Total loss: 68.663469, predictions: (Y: 7124, N: 6956, Correct: 0.587926)
[Epoch 1] Total loss: 52.139362, predictions: (Y: 6731, N: 7349, Correct: 0.707884)
[Epoch 2] Total loss: 46.369812, predictions: (Y: 6555, N: 7525, Correct: 0.755043)
[Epoch 3] Total loss: 42.666671, predictions: (Y: 6520, N: 7560, Correct: 0.775142)
[Epoch 4] Total loss: 39.678253, predictions: (Y: 6750, N: 7330, Correct: 0.794886)
[Epoch 5] Total loss: 38.260236, predictions: (Y: 6742, N: 7338, Correct: 0.806108)
[Epoch 6] Total loss: 35.514734, predictions: (Y: 6803, N: 7277, Correct: 0.823793)
[Epoch 7] Total loss: 35.533321, predictions: (Y: 6784, N: 7296, Correct: 0.827983)
[Epoch 8] Total loss: 34.647473, predictions: (Y: 6792, N: 7288, Correct: 0.827557)
[Epoch 9] Total loss: 33.691228, predictions: (Y: 6780, N: 7300, Correct: 0.835227)
[Epoch 10] Total loss: 32.083748, predictions: (Y: 6851, N: 7229, Correct: 0.844815)
[Epoch 11] Total loss: 31.847023, predictions: (Y: 6812, N: 7268, Correct: 0.845455)
[Epoch 12] Total loss: 30.222544, predictions: (Y: 6849, N: 7231, Correct: 0.854190)
[Epoch 13] Total loss: 32.222984, predictions: (Y: 6801, N: 7279, Correct: 0.841122)
[Epoch 14] Total loss: 29.491757, predictions: (Y: 6910, N: 7170, Correct: 0.861222)
Loaded new training triplets: 88 batches of size 80
[Epoch 15] Total loss: 30.521946, predictions: (Y: 6873, N: 7207, Correct: 0.856747)
[Epoch 16] Total loss: 28.835120, predictions: (Y: 6921, N: 7159, Correct: 0.866406)
[Epoch 17] Total loss: 28.921612, predictions: (Y: 6929, N: 7151, Correct: 0.864134)
[Epoch 18] Total loss: 28.711554, predictions: (Y: 6922, N: 7158, Correct: 0.861790)
[Epoch 19] Total loss: 28.567035, predictions: (Y: 6919, N: 7161, Correct: 0.862571)
[Epoch 20] Total loss: 27.056507, predictions: (Y: 7022, N: 7058, Correct: 0.873580)
[Epoch 21] Total loss: 27.599362, predictions: (Y: 6934, N: 7146, Correct: 0.871449)
[Epoch 22] Total loss: 26.930162, predictions: (Y: 7035, N: 7045, Correct: 0.870668)
[Epoch 23] Total loss: 25.724826, predictions: (Y: 7026, N: 7054, Correct: 0.881534)
[Epoch 24] Total loss: 25.766011, predictions: (Y: 7012, N: 7068, Correct: 0.880256)
[Epoch 25] Total loss: 23.693862, predictions: (Y: 7051, N: 7029, Correct: 0.891548)
[Epoch 26] Total loss: 24.405255, predictions: (Y: 7067, N: 7013, Correct: 0.885724)
[Epoch 27] Total loss: 24.239955, predictions: (Y: 7042, N: 7038, Correct: 0.890341)
[Epoch 28] Total loss: 25.294513, predictions: (Y: 7018, N: 7062, Correct: 0.881534)
[Epoch 29] Total loss: 23.056778, predictions: (Y: 7056, N: 7024, Correct: 0.893608)
Loaded new training triplets: 88 batches of size 80
[Epoch 30] Total loss: 25.156509, predictions: (Y: 7066, N: 7014, Correct: 0.883381)
[Epoch 31] Total loss: 24.497540, predictions: (Y: 7047, N: 7033, Correct: 0.885156)
[Epoch 32] Total loss: 22.563125, predictions: (Y: 7035, N: 7045, Correct: 0.897230)
[Epoch 33] Total loss: 23.399483, predictions: (Y: 7053, N: 7027, Correct: 0.891832)
[Epoch 34] Total loss: 23.123109, predictions: (Y: 7091, N: 6989, Correct: 0.894247)
[Epoch 35] Total loss: 22.210810, predictions: (Y: 7081, N: 6999, Correct: 0.899787)
[Epoch 36] Total loss: 22.952637, predictions: (Y: 7052, N: 7028, Correct: 0.895312)
[Epoch 37] Total loss: 21.732946, predictions: (Y: 7092, N: 6988, Correct: 0.900426)
[Epoch 38] Total loss: 22.424949, predictions: (Y: 7108, N: 6972, Correct: 0.898011)
[Epoch 39] Total loss: 21.033441, predictions: (Y: 7121, N: 6959, Correct: 0.905469)
[Epoch 40] Total loss: 20.279724, predictions: (Y: 7114, N: 6966, Correct: 0.908097)
[Epoch 41] Total loss: 20.699758, predictions: (Y: 7119, N: 6961, Correct: 0.904474)
[Epoch 42] Total loss: 19.445847, predictions: (Y: 7137, N: 6943, Correct: 0.912997)
[Epoch 43] Total loss: 19.942269, predictions: (Y: 7130, N: 6950, Correct: 0.909375)
[Epoch 44] Total loss: 20.525169, predictions: (Y: 7150, N: 6930, Correct: 0.908807)
Loaded new training triplets: 88 batches of size 80
[Epoch 45] Total loss: 21.786182, predictions: (Y: 7160, N: 6920, Correct: 0.903409)
[Epoch 46] Total loss: 21.352792, predictions: (Y: 7110, N: 6970, Correct: 0.904119)
[Epoch 47] Total loss: 19.291899, predictions: (Y: 7120, N: 6960, Correct: 0.912642)
[Epoch 48] Total loss: 19.287774, predictions: (Y: 7151, N: 6929, Correct: 0.915270)
[Epoch 49] Total loss: 19.709514, predictions: (Y: 7147, N: 6933, Correct: 0.911151)
[Epoch 50] Total loss: 19.965529, predictions: (Y: 7154, N: 6926, Correct: 0.911080)
[Epoch 51] Total loss: 19.676435, predictions: (Y: 7130, N: 6950, Correct: 0.911932)
[Epoch 52] Total loss: 18.783259, predictions: (Y: 7152, N: 6928, Correct: 0.918750)
[Epoch 53] Total loss: 19.852678, predictions: (Y: 7152, N: 6928, Correct: 0.913068)
[Epoch 54] Total loss: 18.489658, predictions: (Y: 7174, N: 6906, Correct: 0.918324)
[Epoch 55] Total loss: 21.396749, predictions: (Y: 7077, N: 7003, Correct: 0.904332)
[Epoch 56] Total loss: 17.505634, predictions: (Y: 7170, N: 6910, Correct: 0.923295)
[Epoch 57] Total loss: 17.449588, predictions: (Y: 7146, N: 6934, Correct: 0.924432)
[Epoch 58] Total loss: 16.633073, predictions: (Y: 7171, N: 6909, Correct: 0.927912)
[Epoch 59] Total loss: 16.838558, predictions: (Y: 7126, N: 6954, Correct: 0.927983)
Loaded new training triplets: 88 batches of size 80
[Epoch 60] Total loss: 19.742042, predictions: (Y: 7137, N: 6943, Correct: 0.914560)
[Epoch 61] Total loss: 19.575551, predictions: (Y: 7136, N: 6944, Correct: 0.917188)
[Epoch 62] Total loss: 18.136772, predictions: (Y: 7175, N: 6905, Correct: 0.921094)
[Epoch 63] Total loss: 17.251476, predictions: (Y: 7157, N: 6923, Correct: 0.924361)
[Epoch 64] Total loss: 17.115383, predictions: (Y: 7134, N: 6946, Correct: 0.924716)
[Epoch 65] Total loss: 17.895196, predictions: (Y: 7167, N: 6913, Correct: 0.924219)
[Epoch 66] Total loss: 16.688950, predictions: (Y: 7183, N: 6897, Correct: 0.929616)
[Epoch 67] Total loss: 16.962771, predictions: (Y: 7126, N: 6954, Correct: 0.924006)
[Epoch 68] Total loss: 16.179939, predictions: (Y: 7167, N: 6913, Correct: 0.930753)
[Epoch 69] Total loss: 16.604801, predictions: (Y: 7200, N: 6880, Correct: 0.928125)
[Epoch 70] Total loss: 17.084014, predictions: (Y: 7184, N: 6896, Correct: 0.926847)
[Epoch 71] Total loss: 16.438111, predictions: (Y: 7181, N: 6899, Correct: 0.928764)
[Epoch 72] Total loss: 15.828208, predictions: (Y: 7154, N: 6926, Correct: 0.932244)
[Epoch 73] Total loss: 16.301215, predictions: (Y: 7181, N: 6899, Correct: 0.926918)
[Epoch 74] Total loss: 15.142200, predictions: (Y: 7209, N: 6871, Correct: 0.934020)
Loaded new training triplets: 88 batches of size 80
[Epoch 75] Total loss: 17.051595, predictions: (Y: 7148, N: 6932, Correct: 0.926420)
[Epoch 76] Total loss: 16.472107, predictions: (Y: 7163, N: 6917, Correct: 0.929332)
[Epoch 77] Total loss: 15.966543, predictions: (Y: 7198, N: 6882, Correct: 0.934659)
[Epoch 78] Total loss: 16.597754, predictions: (Y: 7155, N: 6925, Correct: 0.929332)
[Epoch 79] Total loss: 15.230976, predictions: (Y: 7157, N: 6923, Correct: 0.935440)
Completed training for 80 epochs

